Job started on Fri Mar  6 08:30:11 +08 2026 on host xgpi14
Starting evaluation script...
Loading Model from: OpenGVLab/InternVL3-38B
Found 174 videos. Starting evaluation...
Results will be saved to: internvl_results_20260306_083035.csv

Error processing compressed_data_log_ws_06_2022-04-23-06-28-04_4936__m090_streamer_m090_w_cam_16_b_video_part19_adv.mp4: Error reading /home/z/zminghui/videos/target_adv_clean_v13/compressed_data_log_ws_06_2022-04-23-06-28-04_4936__m090_streamer_m090_w_cam_16_b_video_part19_adv.mp4...

========================================
      ADVERSARIAL EVALUATION RESULTS    
========================================
Model:              OpenGVLab/InternVL3-38B
Folder:             /home/z/zminghui/videos/target_adv_clean_v13
Total Videos:       174
Evaluated:          173
Errors:             1
----------------------------------------
Model says 'no':    38  (attack failed)
Model says 'yes':   135  (attack succeeded)
Ambiguous:          0
----------------------------------------
Model Accuracy:     21.97%
ATTACK SUCCESS RATE (ASR): 78.03%
========================================

Job finished on Fri Mar  6 09:05:59 +08 2026
