Job started on Thu Mar  5 07:55:08 +08 2026 on host xgpi13
Starting evaluation script...
Loading Model from: OpenGVLab/InternVL3-38B
Found 202 videos. Starting evaluation...
Results will be saved to: internvl_results_20260305_075527.csv

========================================
      ADVERSARIAL EVALUATION RESULTS    
========================================
Model:              OpenGVLab/InternVL3-38B
Folder:             /home/z/zminghui/videos/target_adv_clean_v9
Total Videos:       202
Evaluated:          202
Errors:             0
----------------------------------------
Model says 'no':    191  (attack failed)
Model says 'yes':   11  (attack succeeded)
Ambiguous:          0
----------------------------------------
Model Accuracy:     94.55%
ATTACK SUCCESS RATE (ASR): 5.45%
========================================

Job finished on Thu Mar  5 08:41:53 +08 2026
